<?xml version="1.0" encoding="UTF-8"?>
<!-- Generated by org.testng.reporters.JUnitReportReporter -->
<testsuite hostname="LAPTOP-6IPEC57H" failures="0" tests="3" name="selenium.TestNG1" time="0.018" errors="0" timestamp="2024-07-28T14:04:44 IST" skipped="0">
  <testcase classname="selenium.TestNG1" name="a1" time="0.006"/>
  <system-out/>
  <testcase classname="selenium.TestNG1" name="a2" time="0.005"/>
  <system-out/>
  <testcase classname="selenium.TestNG1" name="a3" time="0.007"/>
  <system-out/>
</testsuite> <!-- selenium.TestNG1 -->
