<?xml version="1.0" encoding="UTF-8"?>
<!-- Generated by org.testng.reporters.JUnitReportReporter -->
<testsuite hostname="LAPTOP-6IPEC57H" failures="0" tests="2" name="selenium.FirstTest" time="11.773" errors="0" timestamp="2024-08-06T01:08:21 IST" skipped="0">
  <testcase classname="selenium.FirstTest" name="TestGoogle" time="7.412"/>
  <system-out/>
  <testcase classname="selenium.FirstTest" name="Facebook" time="4.361"/>
  <system-out/>
</testsuite> <!-- selenium.FirstTest -->
