<?xml version="1.0" encoding="UTF-8"?>
<!-- Generated by org.testng.reporters.JUnitReportReporter -->
<testsuite hostname="LAPTOP-6IPEC57H" failures="0" tests="3" name="selenium.TestNG4" time="0.004" errors="0" timestamp="2024-07-28T14:04:44 IST" skipped="2">
  <testcase classname="selenium.TestNG4" name="b" time="0.002"/>
  <system-out/>
  <testcase classname="selenium.TestNG4" name="c" time="0.002">
    <skipped/>
  </testcase> <!-- c -->
  <system-out/>
  <testcase classname="selenium.TestNG4" name="a">
    <skipped/>
  </testcase> <!-- a -->
  <system-out/>
</testsuite> <!-- selenium.TestNG4 -->
