<?xml version="1.0" encoding="UTF-8"?>
<!-- Generated by org.testng.reporters.JUnitReportReporter -->
<testsuite hostname="LAPTOP-6IPEC57H" failures="0" tests="7" name="selenium.TestNG3" time="0.022" errors="0" timestamp="2024-07-28T14:04:44 IST" skipped="1">
  <testcase classname="selenium.TestNG3" name="a" time="0.002"/>
  <system-out/>
  <testcase classname="selenium.TestNG3" name="q" time="0.006"/>
  <system-out/>
  <testcase classname="selenium.TestNG3" name="a" time="0.006"/>
  <system-out/>
  <testcase classname="selenium.TestNG3" name="a" time="0.001"/>
  <system-out/>
  <testcase classname="selenium.TestNG3" name="a" time="0.004"/>
  <system-out/>
  <testcase classname="selenium.TestNG3" name="a" time="0.003"/>
  <system-out/>
  <testcase classname="selenium.TestNG3" name="p">
    <skipped/>
  </testcase> <!-- p -->
  <system-out/>
</testsuite> <!-- selenium.TestNG3 -->
