<?xml version="1.0" encoding="UTF-8"?>
<!-- Generated by org.testng.reporters.JUnitReportReporter -->
<testsuite hostname="LAPTOP-6IPEC57H" failures="0" tests="5" name="selenium.TestNG2" time="0.014" errors="0" timestamp="2024-07-28T14:04:44 IST" skipped="0">
  <testcase classname="selenium.TestNG2" name="a" time="0.003"/>
  <system-out/>
  <testcase classname="selenium.TestNG2" name="a2" time="0.003"/>
  <system-out/>
  <testcase classname="selenium.TestNG2" name="d" time="0.003"/>
  <system-out/>
  <testcase classname="selenium.TestNG2" name="c" time="0.002"/>
  <system-out/>
  <testcase classname="selenium.TestNG2" name="b" time="0.003"/>
  <system-out/>
</testsuite> <!-- selenium.TestNG2 -->
